[INFO] Scanning for projects...
[INFO] 
[INFO] ----------------------< com.ciao:clinica-backend >----------------------
[INFO] Building clinica-backend 0.0.1-SNAPSHOT
[INFO]   from pom.xml
[INFO] --------------------------------[ jar ]---------------------------------
[INFO] 
[INFO] --- clean:3.5.0:clean (default-clean) @ clinica-backend ---
[INFO] Deleting C:\Users\invax\Desktop\clinica-backend\target
[INFO] 
[INFO] --- resources:3.3.1:resources (default-resources) @ clinica-backend ---
[INFO] Copying 1 resource from src\main\resources to target\classes
[INFO] Copying 1 resource from src\main\resources to target\classes
[INFO] 
[INFO] --- compiler:3.14.1:compile (default-compile) @ clinica-backend ---
[INFO] Recompiling the module because of changed source code.
[INFO] Compiling 24 source files with javac [debug parameters release 21] to target\classes
[INFO] ------------------------------------------------------------------------
[INFO] BUILD SUCCESS
[INFO] ------------------------------------------------------------------------
[INFO] Total time:  3.570 s
[INFO] Finished at: 2026-03-04T18:31:16-06:00
[INFO] ------------------------------------------------------------------------
