[INFO] Scanning for projects...
[INFO] 
[INFO] ----------------------< com.ciao:clinica-backend >----------------------
[INFO] Building clinica-backend 0.0.1-SNAPSHOT
[INFO]   from pom.xml
[INFO] --------------------------------[ jar ]---------------------------------
[INFO] 
[INFO] >>> spring-boot:4.0.3:run (default-cli) > test-compile @ clinica-backend >>>
[INFO] 
[INFO] --- resources:3.3.1:resources (default-resources) @ clinica-backend ---
[INFO] Copying 1 resource from src\main\resources to target\classes
[INFO] Copying 1 resource from src\main\resources to target\classes
[INFO] 
[INFO] --- compiler:3.14.1:compile (default-compile) @ clinica-backend ---
[INFO] Nothing to compile - all classes are up to date.
[INFO] 
[INFO] --- resources:3.3.1:testResources (default-testResources) @ clinica-backend ---
[INFO] skip non existing resourceDirectory C:\Users\invax\Desktop\clinica-backend\src\test\resources
[INFO] 
[INFO] --- compiler:3.14.1:testCompile (default-testCompile) @ clinica-backend ---
[INFO] Recompiling the module because of changed source code.
[INFO] Compiling 1 source file with javac [debug parameters release 21] to target\test-classes
[INFO] 
[INFO] <<< spring-boot:4.0.3:run (default-cli) < test-compile @ clinica-backend <<<
[INFO] 
[INFO] 
[INFO] --- spring-boot:4.0.3:run (default-cli) @ clinica-backend ---
[INFO] Attaching agents: []

  .   ____          _            __ _ _
 /\\ / ___'_ __ _ _(_)_ __  __ _ \ \ \ \
( ( )\___ | '_ | '_| | '_ \/ _` | \ \ \ \
 \\/  ___)| |_)| | | | | || (_| |  ) ) ) )
  '  |____| .__|_| |_|_| |_\__, | / / / /
 =========|_|==============|___/=/_/_/_/

 :: Spring Boot ::                (v4.0.3)

2026-03-04T18:31:35.957-06:00  INFO 10260 --- [           main] c.c.c.backend.ClinicaBackendApplication  : Starting ClinicaBackendApplication using Java 21.0.10 with PID 10260 (C:\Users\invax\Desktop\clinica-backend\target\classes started by invax in C:\Users\invax\Desktop\clinica-backend)
2026-03-04T18:31:35.960-06:00  INFO 10260 --- [           main] c.c.c.backend.ClinicaBackendApplication  : No active profile set, falling back to 1 default profile: "default"
2026-03-04T18:31:36.591-06:00  INFO 10260 --- [           main] .s.d.r.c.RepositoryConfigurationDelegate : Bootstrapping Spring Data JPA repositories in DEFAULT mode.
2026-03-04T18:31:36.660-06:00  INFO 10260 --- [           main] .s.d.r.c.RepositoryConfigurationDelegate : Finished Spring Data repository scanning in 60 ms. Found 3 JPA repository interfaces.
2026-03-04T18:31:37.141-06:00  INFO 10260 --- [           main] o.s.boot.tomcat.TomcatWebServer          : Tomcat initialized with port 8081 (http)
2026-03-04T18:31:37.151-06:00  INFO 10260 --- [           main] o.apache.catalina.core.StandardService   : Starting service [Tomcat]
2026-03-04T18:31:37.151-06:00  INFO 10260 --- [           main] o.apache.catalina.core.StandardEngine    : Starting Servlet engine: [Apache Tomcat/11.0.18]
2026-03-04T18:31:37.207-06:00  INFO 10260 --- [           main] b.w.c.s.WebApplicationContextInitializer : Root WebApplicationContext: initialization completed in 1211 ms
2026-03-04T18:31:37.416-06:00  INFO 10260 --- [           main] org.hibernate.orm.jpa                    : HHH008540: Processing PersistenceUnitInfo [name: default]
2026-03-04T18:31:37.463-06:00  INFO 10260 --- [           main] org.hibernate.orm.core                   : HHH000001: Hibernate ORM core version 7.2.4.Final
2026-03-04T18:31:37.801-06:00  INFO 10260 --- [           main] o.s.o.j.p.SpringPersistenceUnitInfo      : No LoadTimeWeaver setup: ignoring JPA class transformer
2026-03-04T18:31:37.826-06:00  INFO 10260 --- [           main] com.zaxxer.hikari.HikariDataSource       : clinica-backend - Starting...
2026-03-04T18:31:37.930-06:00  INFO 10260 --- [           main] com.zaxxer.hikari.pool.HikariPool        : clinica-backend - Added connection org.postgresql.jdbc.PgConnection@fcd3a6f
2026-03-04T18:31:37.932-06:00  INFO 10260 --- [           main] com.zaxxer.hikari.HikariDataSource       : clinica-backend - Start completed.
2026-03-04T18:31:37.981-06:00  INFO 10260 --- [           main] org.hibernate.orm.connections.pooling    : HHH10001005: Database info:
	Database JDBC URL [jdbc:postgresql://localhost:5432/clinica_db]
	Database driver: PostgreSQL JDBC Driver
	Database dialect: PostgreSQLDialect
	Database version: 16.9
	Default catalog/schema: clinica_db/public
	Autocommit mode: undefined/unknown
	Isolation level: READ_COMMITTED [default READ_COMMITTED]
	JDBC fetch size: none
	Pool: DataSourceConnectionProvider
	Minimum pool size: undefined/unknown
	Maximum pool size: undefined/unknown
2026-03-04T18:31:38.758-06:00  INFO 10260 --- [           main] org.hibernate.orm.core                   : HHH000489: No JTA platform available (set 'hibernate.transaction.jta.platform' to enable JTA platform integration)
2026-03-04T18:31:38.798-06:00  INFO 10260 --- [           main] j.LocalContainerEntityManagerFactoryBean : Initialized JPA EntityManagerFactory for persistence unit 'default'
2026-03-04T18:31:38.858-06:00  INFO 10260 --- [           main] o.s.d.j.r.query.QueryEnhancerFactories   : Hibernate is in classpath; If applicable, HQL parser will be used.
2026-03-04T18:31:39.019-06:00  INFO 10260 --- [           main] r$InitializeUserDetailsManagerConfigurer : Global AuthenticationManager configured with UserDetailsService bean with name customUserDetailsService
2026-03-04T18:31:39.501-06:00  INFO 10260 --- [           main] org.flywaydb.core.FlywayExecutor         : Database: jdbc:postgresql://localhost:5432/clinica_db (PostgreSQL 16.9)
2026-03-04T18:31:39.533-06:00  INFO 10260 --- [           main] o.f.c.i.s.JdbcTableSchemaHistory         : Schema history table "public"."flyway_schema_history" does not exist yet
2026-03-04T18:31:39.536-06:00  INFO 10260 --- [           main] o.f.core.internal.command.DbValidate     : Successfully validated 1 migration (execution time 00:00.013s)
2026-03-04T18:31:39.549-06:00  INFO 10260 --- [           main] o.f.c.i.s.JdbcTableSchemaHistory         : Creating Schema History table "public"."flyway_schema_history" with baseline ...
2026-03-04T18:31:39.581-06:00  INFO 10260 --- [           main] o.f.core.internal.command.DbBaseline     : Successfully baselined schema with version: 1
2026-03-04T18:31:39.599-06:00  INFO 10260 --- [           main] o.f.core.internal.command.DbMigrate      : Current version of schema "public": 1
2026-03-04T18:31:39.601-06:00  INFO 10260 --- [           main] o.f.core.internal.command.DbMigrate      : Schema "public" is up to date. No migration necessary.
2026-03-04T18:31:39.626-06:00  WARN 10260 --- [           main] JpaBaseConfiguration$JpaWebConfiguration : spring.jpa.open-in-view is enabled by default. Therefore, database queries may be performed during view rendering. Explicitly configure spring.jpa.open-in-view to disable this warning
2026-03-04T18:31:40.076-06:00  INFO 10260 --- [           main] o.s.b.a.e.web.EndpointLinksResolver      : Exposing 1 endpoint beneath base path '/actuator'
2026-03-04T18:31:40.118-06:00  WARN 10260 --- [           main] ConfigServletWebServerApplicationContext : Exception encountered during context initialization - cancelling refresh attempt: org.springframework.context.ApplicationContextException: Failed to start bean 'webServerStartStop'
2026-03-04T18:31:40.120-06:00  INFO 10260 --- [           main] j.LocalContainerEntityManagerFactoryBean : Closing JPA EntityManagerFactory for persistence unit 'default'
2026-03-04T18:31:40.121-06:00  INFO 10260 --- [           main] com.zaxxer.hikari.HikariDataSource       : clinica-backend - Shutdown initiated...
2026-03-04T18:31:40.124-06:00  INFO 10260 --- [           main] com.zaxxer.hikari.HikariDataSource       : clinica-backend - Shutdown completed.
2026-03-04T18:31:40.133-06:00  INFO 10260 --- [           main] .s.b.a.l.ConditionEvaluationReportLogger : 

Error starting ApplicationContext. To display the condition evaluation report re-run your application with 'debug' enabled.
2026-03-04T18:31:40.145-06:00 ERROR 10260 --- [           main] o.s.b.d.LoggingFailureAnalysisReporter   : 

***************************
APPLICATION FAILED TO START
***************************

Description:

Web server failed to start. Port 8081 was already in use.

Action:

Identify and stop the process that's listening on port 8081 or configure this application to listen on another port.

[INFO] ------------------------------------------------------------------------
[INFO] BUILD FAILURE
[INFO] ------------------------------------------------------------------------
[INFO] Total time:  7.863 s
[INFO] Finished at: 2026-03-04T18:31:40-06:00
[INFO] ------------------------------------------------------------------------
[ERROR] Failed to execute goal org.springframework.boot:spring-boot-maven-plugin:4.0.3:run (default-cli) on project clinica-backend: Process terminated with exit code: 1 -> [Help 1]
[ERROR] 
[ERROR] To see the full stack trace of the errors, re-run Maven with the -e switch.
[ERROR] Re-run Maven using the -X switch to enable full debug logging.
[ERROR] 
[ERROR] For more information about the errors and possible solutions, please read the following articles:
[ERROR] [Help 1] http://cwiki.apache.org/confluence/display/MAVEN/MojoExecutionException
