[INFO] Scanning for projects...
[INFO] 
[INFO] ----------------------< com.ciao:clinica-backend >----------------------
[INFO] Building clinica-backend 0.0.1-SNAPSHOT
[INFO]   from pom.xml
[INFO] --------------------------------[ jar ]---------------------------------
[INFO] 
[INFO] >>> spring-boot:4.0.3:run (default-cli) > test-compile @ clinica-backend >>>
[INFO] 
[INFO] --- resources:3.3.1:resources (default-resources) @ clinica-backend ---
[INFO] Copying 1 resource from src\main\resources to target\classes
[INFO] Copying 1 resource from src\main\resources to target\classes
[INFO] 
[INFO] --- compiler:3.14.1:compile (default-compile) @ clinica-backend ---
[INFO] Nothing to compile - all classes are up to date.
[INFO] 
[INFO] --- resources:3.3.1:testResources (default-testResources) @ clinica-backend ---
[INFO] skip non existing resourceDirectory C:\Users\invax\Desktop\clinica-backend\src\test\resources
[INFO] 
[INFO] --- compiler:3.14.1:testCompile (default-testCompile) @ clinica-backend ---
[INFO] Nothing to compile - all classes are up to date.
[INFO] 
[INFO] <<< spring-boot:4.0.3:run (default-cli) < test-compile @ clinica-backend <<<
[INFO] 
[INFO] 
[INFO] --- spring-boot:4.0.3:run (default-cli) @ clinica-backend ---
[INFO] Attaching agents: []

  .   ____          _            __ _ _
 /\\ / ___'_ __ _ _(_)_ __  __ _ \ \ \ \
( ( )\___ | '_ | '_| | '_ \/ _` | \ \ \ \
 \\/  ___)| |_)| | | | | || (_| |  ) ) ) )
  '  |____| .__|_| |_|_| |_\__, | / / / /
 =========|_|==============|___/=/_/_/_/

 :: Spring Boot ::                (v4.0.3)

2026-03-04T18:32:33.050-06:00  INFO 38736 --- [           main] c.c.c.backend.ClinicaBackendApplication  : Starting ClinicaBackendApplication using Java 21.0.10 with PID 38736 (C:\Users\invax\Desktop\clinica-backend\target\classes started by invax in C:\Users\invax\Desktop\clinica-backend)
2026-03-04T18:32:33.054-06:00  INFO 38736 --- [           main] c.c.c.backend.ClinicaBackendApplication  : No active profile set, falling back to 1 default profile: "default"
2026-03-04T18:32:33.614-06:00  INFO 38736 --- [           main] .s.d.r.c.RepositoryConfigurationDelegate : Bootstrapping Spring Data JPA repositories in DEFAULT mode.
2026-03-04T18:32:33.677-06:00  INFO 38736 --- [           main] .s.d.r.c.RepositoryConfigurationDelegate : Finished Spring Data repository scanning in 56 ms. Found 3 JPA repository interfaces.
2026-03-04T18:32:34.112-06:00  INFO 38736 --- [           main] o.s.boot.tomcat.TomcatWebServer          : Tomcat initialized with port 8081 (http)
2026-03-04T18:32:34.121-06:00  INFO 38736 --- [           main] o.apache.catalina.core.StandardService   : Starting service [Tomcat]
2026-03-04T18:32:34.121-06:00  INFO 38736 --- [           main] o.apache.catalina.core.StandardEngine    : Starting Servlet engine: [Apache Tomcat/11.0.18]
2026-03-04T18:32:34.179-06:00  INFO 38736 --- [           main] b.w.c.s.WebApplicationContextInitializer : Root WebApplicationContext: initialization completed in 1087 ms
2026-03-04T18:32:34.371-06:00  INFO 38736 --- [           main] org.hibernate.orm.jpa                    : HHH008540: Processing PersistenceUnitInfo [name: default]
2026-03-04T18:32:34.415-06:00  INFO 38736 --- [           main] org.hibernate.orm.core                   : HHH000001: Hibernate ORM core version 7.2.4.Final
2026-03-04T18:32:34.798-06:00  INFO 38736 --- [           main] o.s.o.j.p.SpringPersistenceUnitInfo      : No LoadTimeWeaver setup: ignoring JPA class transformer
2026-03-04T18:32:34.837-06:00  INFO 38736 --- [           main] com.zaxxer.hikari.HikariDataSource       : clinica-backend - Starting...
2026-03-04T18:32:34.983-06:00  INFO 38736 --- [           main] com.zaxxer.hikari.pool.HikariPool        : clinica-backend - Added connection org.postgresql.jdbc.PgConnection@5f35370b
2026-03-04T18:32:34.984-06:00  INFO 38736 --- [           main] com.zaxxer.hikari.HikariDataSource       : clinica-backend - Start completed.
2026-03-04T18:32:35.031-06:00  INFO 38736 --- [           main] org.hibernate.orm.connections.pooling    : HHH10001005: Database info:
	Database JDBC URL [jdbc:postgresql://localhost:5432/clinica_db]
	Database driver: PostgreSQL JDBC Driver
	Database dialect: PostgreSQLDialect
	Database version: 16.9
	Default catalog/schema: clinica_db/public
	Autocommit mode: undefined/unknown
	Isolation level: READ_COMMITTED [default READ_COMMITTED]
	JDBC fetch size: none
	Pool: DataSourceConnectionProvider
	Minimum pool size: undefined/unknown
	Maximum pool size: undefined/unknown
2026-03-04T18:32:35.778-06:00  INFO 38736 --- [           main] org.hibernate.orm.core                   : HHH000489: No JTA platform available (set 'hibernate.transaction.jta.platform' to enable JTA platform integration)
2026-03-04T18:32:35.813-06:00  INFO 38736 --- [           main] j.LocalContainerEntityManagerFactoryBean : Initialized JPA EntityManagerFactory for persistence unit 'default'
2026-03-04T18:32:35.867-06:00  INFO 38736 --- [           main] o.s.d.j.r.query.QueryEnhancerFactories   : Hibernate is in classpath; If applicable, HQL parser will be used.
2026-03-04T18:32:36.024-06:00  INFO 38736 --- [           main] r$InitializeUserDetailsManagerConfigurer : Global AuthenticationManager configured with UserDetailsService bean with name customUserDetailsService
2026-03-04T18:32:36.476-06:00  INFO 38736 --- [           main] org.flywaydb.core.FlywayExecutor         : Database: jdbc:postgresql://localhost:5432/clinica_db (PostgreSQL 16.9)
2026-03-04T18:32:36.504-06:00  INFO 38736 --- [           main] o.f.c.i.command.clean.CleanExecutor      : Successfully dropped pre-schema database level objects (execution time 00:00.000s)
2026-03-04T18:32:36.539-06:00  INFO 38736 --- [           main] o.f.c.i.command.clean.CleanExecutor      : Successfully cleaned schema "public" (execution time 00:00.033s)
2026-03-04T18:32:36.552-06:00  INFO 38736 --- [           main] o.f.c.i.command.clean.CleanExecutor      : Successfully cleaned schema "public" (execution time 00:00.012s)
2026-03-04T18:32:36.552-06:00  INFO 38736 --- [           main] o.f.c.i.command.clean.CleanExecutor      : Successfully dropped post-schema database level objects (execution time 00:00.000s)
2026-03-04T18:32:36.586-06:00  INFO 38736 --- [           main] o.f.c.i.s.JdbcTableSchemaHistory         : Schema history table "public"."flyway_schema_history" does not exist yet
2026-03-04T18:32:36.588-06:00  INFO 38736 --- [           main] o.f.core.internal.command.DbValidate     : Successfully validated 1 migration (execution time 00:00.011s)
2026-03-04T18:32:36.599-06:00  INFO 38736 --- [           main] o.f.c.i.s.JdbcTableSchemaHistory         : Creating Schema History table "public"."flyway_schema_history" ...
2026-03-04T18:32:36.632-06:00  INFO 38736 --- [           main] o.f.core.internal.command.DbMigrate      : Current version of schema "public": << Empty Schema >>
2026-03-04T18:32:36.643-06:00  INFO 38736 --- [           main] o.f.core.internal.command.DbMigrate      : Migrating schema "public" to version "1 - init schema"
2026-03-04T18:32:36.707-06:00  INFO 38736 --- [           main] o.f.core.internal.command.DbMigrate      : Successfully applied 1 migration to schema "public", now at version v1 (execution time 00:00.050s)
2026-03-04T18:32:36.739-06:00  WARN 38736 --- [           main] JpaBaseConfiguration$JpaWebConfiguration : spring.jpa.open-in-view is enabled by default. Therefore, database queries may be performed during view rendering. Explicitly configure spring.jpa.open-in-view to disable this warning
2026-03-04T18:32:37.251-06:00  INFO 38736 --- [           main] o.s.b.a.e.web.EndpointLinksResolver      : Exposing 1 endpoint beneath base path '/actuator'
2026-03-04T18:32:37.301-06:00  WARN 38736 --- [           main] ConfigServletWebServerApplicationContext : Exception encountered during context initialization - cancelling refresh attempt: org.springframework.context.ApplicationContextException: Failed to start bean 'webServerStartStop'
2026-03-04T18:32:37.303-06:00  INFO 38736 --- [           main] j.LocalContainerEntityManagerFactoryBean : Closing JPA EntityManagerFactory for persistence unit 'default'
2026-03-04T18:32:37.305-06:00  INFO 38736 --- [           main] com.zaxxer.hikari.HikariDataSource       : clinica-backend - Shutdown initiated...
2026-03-04T18:32:37.308-06:00  INFO 38736 --- [           main] com.zaxxer.hikari.HikariDataSource       : clinica-backend - Shutdown completed.
2026-03-04T18:32:37.317-06:00  INFO 38736 --- [           main] .s.b.a.l.ConditionEvaluationReportLogger : 

Error starting ApplicationContext. To display the condition evaluation report re-run your application with 'debug' enabled.
2026-03-04T18:32:37.330-06:00 ERROR 38736 --- [           main] o.s.b.d.LoggingFailureAnalysisReporter   : 

***************************
APPLICATION FAILED TO START
***************************

Description:

Web server failed to start. Port 8081 was already in use.

Action:

Identify and stop the process that's listening on port 8081 or configure this application to listen on another port.

[INFO] ------------------------------------------------------------------------
[INFO] BUILD FAILURE
[INFO] ------------------------------------------------------------------------
[INFO] Total time:  6.336 s
[INFO] Finished at: 2026-03-04T18:32:37-06:00
[INFO] ------------------------------------------------------------------------
[ERROR] Failed to execute goal org.springframework.boot:spring-boot-maven-plugin:4.0.3:run (default-cli) on project clinica-backend: Process terminated with exit code: 1 -> [Help 1]
[ERROR] 
[ERROR] To see the full stack trace of the errors, re-run Maven with the -e switch.
[ERROR] Re-run Maven using the -X switch to enable full debug logging.
[ERROR] 
[ERROR] For more information about the errors and possible solutions, please read the following articles:
[ERROR] [Help 1] http://cwiki.apache.org/confluence/display/MAVEN/MojoExecutionException
